<?xml version="1.0" encoding="UTF-8"?>
<testsuite xmlns:xsi="http://www.w3.org/2001/XMLSchema-instance" xsi:noNamespaceSchemaLocation="https://maven.apache.org/surefire/maven-surefire-plugin/xsd/surefire-test-report.xsd" name="pl.training.shop.payments.FakePaymentServiceTest" time="0.814" tests="5" errors="0" skipped="0" failures="0">
  <properties>
[...]
</properties>
  <testcase name="shouldAssignMoneyFromPaymentRequestToCreatedPayment" classname="pl.training.shop.payments.FakePaymentServiceTest" time="0.746"/>
  <testcase name="shouldSaveCreatedPayment" classname="pl.training.shop.payments.FakePaymentServiceTest" time="0.013"/>
  <testcase name="shouldAssignStartedStatusToCreatedPayment" classname="pl.training.shop.payments.FakePaymentServiceTest" time="0.003"/>
  <testcase name="shouldAssignGeneratedIdToCreatedPayment" classname="pl.training.shop.payments.FakePaymentServiceTest" time="0.003"/>
  <testcase name="shouldAssignTomestampToCreatedPayment" classname="pl.training.shop.payments.FakePaymentServiceTest" time="0.003"/>
</testsuite>